[35m[1mConsolidate compiler generated dependencies of target imu_sensor[0m
[ 33%] Built target sensor
[ 66%] Built target wheel
[ 83%] [32mBuilding CXX object CMakeFiles/imu_sensor.dir/src/imu_sensor.cpp.o[0m
In file included from [01m[K/opt/ros/iron/include/rclcpp/rclcpp/logging.hpp:24[m[K,
                 from [01m[K/opt/ros/iron/include/rclcpp/rclcpp/client.hpp:43[m[K,
                 from [01m[K/opt/ros/iron/include/rclcpp/rclcpp/callback_group.hpp:24[m[K,
                 from [01m[K/opt/ros/iron/include/rclcpp/rclcpp/any_executable.hpp:20[m[K,
                 from [01m[K/opt/ros/iron/include/rclcpp/rclcpp/memory_strategy.hpp:25[m[K,
                 from [01m[K/opt/ros/iron/include/rclcpp/rclcpp/memory_strategies.hpp:18[m[K,
                 from [01m[K/opt/ros/iron/include/rclcpp/rclcpp/executor_options.hpp:20[m[K,
                 from [01m[K/opt/ros/iron/include/rclcpp/rclcpp/executor.hpp:37[m[K,
                 from [01m[K/opt/ros/iron/include/rclcpp/rclcpp/executors/multi_threaded_executor.hpp:25[m[K,
                 from [01m[K/opt/ros/iron/include/rclcpp/rclcpp/executors.hpp:21[m[K,
                 from [01m[K/opt/ros/iron/include/rclcpp/rclcpp/rclcpp.hpp:167[m[K,
                 from [01m[K/home/ubuntu/Documents/RoS/robo_ws/src/test/src/imu_sensor.cpp:3[m[K:
[01m[K/home/ubuntu/Documents/RoS/robo_ws/src/test/src/imu_sensor.cpp:[m[K In member function â€˜[01m[Kvoid IMUProcesser::topic_callback(sensor_msgs::msg::Imu_<std::allocator<void> >::SharedPtr)[m[Kâ€™:
[01m[K/home/ubuntu/Documents/RoS/robo_ws/src/test/src/imu_sensor.cpp:29:80:[m[K [01;31m[Kerror: [m[Kno match for â€˜[01m[Koperator[][m[Kâ€™ (operand types are â€˜[01m[Ksensor_msgs::msg::Imu_<std::allocator<void> >::_angular_velocity_type[m[Kâ€™ {aka â€˜[01m[Kgeometry_msgs::msg::Vector3_<std::allocator<void> >[m[Kâ€™} and â€˜[01m[Kint[m[Kâ€™)
   29 |         RCLCPP_INFO(this->get_logger(), "I heard: '%f' ", msg->angular_velocity[01;31m[K[[m[K0]);
      |                                                                                [01;31m[K^[m[K
gmake[2]: *** [CMakeFiles/imu_sensor.dir/build.make:76: CMakeFiles/imu_sensor.dir/src/imu_sensor.cpp.o] Error 1
gmake[1]: *** [CMakeFiles/Makefile2:193: CMakeFiles/imu_sensor.dir/all] Error 2
gmake: *** [Makefile:146: all] Error 2
