[0.021s] Invoking command in '/home/ubuntu/Documents/RoS/robo_ws/build/test': CMAKE_PREFIX_PATH=/opt/ros/iron /usr/bin/cmake /home/ubuntu/Documents/RoS/robo_ws/src/test -DAMENT_CMAKE_SYMLINK_INSTALL=1 -DCMAKE_INSTALL_PREFIX=/home/ubuntu/Documents/RoS/robo_ws/install/test
[0.037s] -- Found ament_cmake: 2.0.3 (/opt/ros/iron/share/ament_cmake/cmake)
[0.127s] -- Override CMake install command with custom implementation using symlinks instead of copying resources
[0.141s] -- Found rclcpp: 21.0.3 (/opt/ros/iron/share/rclcpp/cmake)
[0.170s] -- Found rosidl_generator_c: 4.0.1 (/opt/ros/iron/share/rosidl_generator_c/cmake)
[0.178s] -- Found rosidl_generator_cpp: 4.0.1 (/opt/ros/iron/share/rosidl_generator_cpp/cmake)
[0.190s] -- Using all available rosidl_typesupport_c: rosidl_typesupport_fastrtps_c;rosidl_typesupport_introspection_c
[0.199s] -- Using all available rosidl_typesupport_cpp: rosidl_typesupport_fastrtps_cpp;rosidl_typesupport_introspection_cpp
[0.290s] -- Found rmw_implementation_cmake: 7.1.0 (/opt/ros/iron/share/rmw_implementation_cmake/cmake)
[0.291s] -- Found rmw_fastrtps_cpp: 7.1.1 (/opt/ros/iron/share/rmw_fastrtps_cpp/cmake)
[0.358s] -- Found OpenSSL: /usr/lib/aarch64-linux-gnu/libcrypto.so (found version "3.0.2")  
[0.377s] -- Found FastRTPS: /opt/ros/iron/include  
[0.404s] -- Using RMW implementation 'rmw_fastrtps_cpp' as default
[0.501s] -- Found std_msgs: 5.0.0 (/opt/ros/iron/share/std_msgs/cmake)
[0.518s] -- Found ament_lint_auto: 0.14.2 (/opt/ros/iron/share/ament_lint_auto/cmake)
[0.580s] -- Added test 'cppcheck' to perform static code analysis on C / C++ code
[0.580s] -- Configured cppcheck include dirs: 
[0.580s] -- Configured cppcheck exclude dirs and/or files: 
[0.581s] -- Added test 'lint_cmake' to check CMake code style
[0.581s] -- Added test 'uncrustify' to check C / C++ code style
[0.581s] -- Configured uncrustify additional arguments: 
[0.581s] -- Added test 'xmllint' to check XML markup files
[0.582s] -- Configuring done
[0.585s] -- Generating done
[0.586s] -- Build files have been written to: /home/ubuntu/Documents/RoS/robo_ws/build/test
[0.589s] Invoked command in '/home/ubuntu/Documents/RoS/robo_ws/build/test' returned '0': CMAKE_PREFIX_PATH=/opt/ros/iron /usr/bin/cmake /home/ubuntu/Documents/RoS/robo_ws/src/test -DAMENT_CMAKE_SYMLINK_INSTALL=1 -DCMAKE_INSTALL_PREFIX=/home/ubuntu/Documents/RoS/robo_ws/install/test
[0.590s] Invoking command in '/home/ubuntu/Documents/RoS/robo_ws/build/test': CMAKE_PREFIX_PATH=/opt/ros/iron /usr/bin/cmake --build /home/ubuntu/Documents/RoS/robo_ws/build/test -- -j8 -l8
[0.635s] [ 50%] [32mBuilding CXX object CMakeFiles/wheel.dir/src/wheel_pub.cpp.o[0m
[0.767s] [01m[K/home/ubuntu/Documents/RoS/robo_ws/src/test/src/wheel_pub.cpp:2:10:[m[K [01;31m[Kfatal error: [m[Kstd_msgs/msg/Float64.hpp: No such file or directory
[0.767s]     2 | #include [01;31m[K"std_msgs/msg/Float64.hpp"[m[K
[0.768s]       |          [01;31m[K^~~~~~~~~~~~~~~~~~~~~~~~~~[m[K
[0.768s] compilation terminated.
[0.768s] gmake[2]: *** [CMakeFiles/wheel.dir/build.make:76: CMakeFiles/wheel.dir/src/wheel_pub.cpp.o] Error 1
[0.768s] gmake[1]: *** [CMakeFiles/Makefile2:137: CMakeFiles/wheel.dir/all] Error 2
[0.769s] gmake: *** [Makefile:146: all] Error 2
[0.771s] Invoked command in '/home/ubuntu/Documents/RoS/robo_ws/build/test' returned '2': CMAKE_PREFIX_PATH=/opt/ros/iron /usr/bin/cmake --build /home/ubuntu/Documents/RoS/robo_ws/build/test -- -j8 -l8
