[35m[1mConsolidate compiler generated dependencies of target wheel[0m
[ 50%] [32mBuilding CXX object CMakeFiles/wheel.dir/src/wheel_pub.cpp.o[0m
In file included from [01m[K/opt/ros/iron/include/rclcpp/rclcpp/logging.hpp:24[m[K,
                 from [01m[K/opt/ros/iron/include/rclcpp/rclcpp/client.hpp:43[m[K,
                 from [01m[K/opt/ros/iron/include/rclcpp/rclcpp/callback_group.hpp:24[m[K,
                 from [01m[K/opt/ros/iron/include/rclcpp/rclcpp/any_executable.hpp:20[m[K,
                 from [01m[K/opt/ros/iron/include/rclcpp/rclcpp/memory_strategy.hpp:25[m[K,
                 from [01m[K/opt/ros/iron/include/rclcpp/rclcpp/memory_strategies.hpp:18[m[K,
                 from [01m[K/opt/ros/iron/include/rclcpp/rclcpp/executor_options.hpp:20[m[K,
                 from [01m[K/opt/ros/iron/include/rclcpp/rclcpp/executor.hpp:37[m[K,
                 from [01m[K/opt/ros/iron/include/rclcpp/rclcpp/executors/multi_threaded_executor.hpp:25[m[K,
                 from [01m[K/opt/ros/iron/include/rclcpp/rclcpp/executors.hpp:21[m[K,
                 from [01m[K/opt/ros/iron/include/rclcpp/rclcpp/rclcpp.hpp:167[m[K,
                 from [01m[K/home/ubuntu/Documents/RoS/robo_ws/src/test/src/wheel_pub.cpp:6[m[K:
[01m[K/home/ubuntu/Documents/RoS/robo_ws/src/test/src/wheel_pub.cpp:[m[K In member function â€˜[01m[Kvoid WheelControlPublisher::publishMessage()[m[Kâ€™:
[01m[K/home/ubuntu/Documents/RoS/robo_ws/src/test/src/wheel_pub.cpp:38:41:[m[K [01;31m[Kerror: [m[Kcannot convert â€˜[01m[Kstd::string[m[Kâ€™ {aka â€˜[01m[Kstd::__cxx11::basic_string<char>[m[Kâ€™} to â€˜[01m[Kconst char*[m[Kâ€™
   38 |         RCLCPP_INFO(this->get_logger(), [01;31m[Klog_msg[m[K);
      |                                         [01;31m[K^~~~~~~[m[K
      |                                         [01;31m[K|[m[K
      |                                         [01;31m[Kstd::string {aka std::__cxx11::basic_string<char>}[m[K
In file included from [01m[K/opt/ros/iron/include/rmw/rmw/types.h:28[m[K,
                 from [01m[K/opt/ros/iron/include/rcl/rcl/types.h:20[m[K,
                 from [01m[K/opt/ros/iron/include/rcl/rcl/log_level.h:22[m[K,
                 from [01m[K/opt/ros/iron/include/rcl/rcl/arguments.h:21[m[K,
                 from [01m[K/opt/ros/iron/include/rcl/rcl/context.h:28[m[K,
                 from [01m[K/opt/ros/iron/include/rcl/rcl/guard_condition.h:26[m[K,
                 from [01m[K/opt/ros/iron/include/rclcpp/rclcpp/executor.hpp:30[m[K,
                 from [01m[K/opt/ros/iron/include/rclcpp/rclcpp/executors/multi_threaded_executor.hpp:25[m[K,
                 from [01m[K/opt/ros/iron/include/rclcpp/rclcpp/executors.hpp:21[m[K,
                 from [01m[K/opt/ros/iron/include/rclcpp/rclcpp/rclcpp.hpp:167[m[K,
                 from [01m[K/home/ubuntu/Documents/RoS/robo_ws/src/test/src/wheel_pub.cpp:6[m[K:
[01m[K/opt/ros/iron/include/rcutils/rcutils/logging.h:473:16:[m[K [01;36m[Knote: [m[K  initializing argument 4 of â€˜[01m[Kvoid rcutils_log_internal(const rcutils_log_location_t*, int, const char*, const char*, ...)[m[Kâ€™
  473 |   [01;36m[Kconst char * format[m[K,
      |   [01;36m[K~~~~~~~~~~~~~^~~~~~[m[K
gmake[2]: *** [CMakeFiles/wheel.dir/build.make:76: CMakeFiles/wheel.dir/src/wheel_pub.cpp.o] Error 1
gmake[1]: *** [CMakeFiles/Makefile2:137: CMakeFiles/wheel.dir/all] Error 2
gmake: *** [Makefile:146: all] Error 2
