-- Found ament_cmake: 2.0.3 (/opt/ros/iron/share/ament_cmake/cmake)
-- Override CMake install command with custom implementation using symlinks instead of copying resources
-- Found rclcpp: 21.0.3 (/opt/ros/iron/share/rclcpp/cmake)
-- Found rosidl_generator_c: 4.0.1 (/opt/ros/iron/share/rosidl_generator_c/cmake)
-- Found rosidl_generator_cpp: 4.0.1 (/opt/ros/iron/share/rosidl_generator_cpp/cmake)
-- Using all available rosidl_typesupport_c: rosidl_typesupport_fastrtps_c;rosidl_typesupport_introspection_c
-- Using all available rosidl_typesupport_cpp: rosidl_typesupport_fastrtps_cpp;rosidl_typesupport_introspection_cpp
-- Found rmw_implementation_cmake: 7.1.0 (/opt/ros/iron/share/rmw_implementation_cmake/cmake)
-- Found rmw_fastrtps_cpp: 7.1.1 (/opt/ros/iron/share/rmw_fastrtps_cpp/cmake)
-- Using RMW implementation 'rmw_fastrtps_cpp' as default
-- Found std_msgs: 5.0.0 (/opt/ros/iron/share/std_msgs/cmake)
-- Found ament_lint_auto: 0.14.2 (/opt/ros/iron/share/ament_lint_auto/cmake)
-- Added test 'cppcheck' to perform static code analysis on C / C++ code
-- Configured cppcheck include dirs: 
-- Configured cppcheck exclude dirs and/or files: 
-- Added test 'lint_cmake' to check CMake code style
-- Added test 'uncrustify' to check C / C++ code style
-- Configured uncrustify additional arguments: 
-- Added test 'xmllint' to check XML markup files
-- Configuring done
-- Generating done
-- Build files have been written to: /home/ubuntu/Documents/RoS/robo_ws/build/test
[35m[1mConsolidate compiler generated dependencies of target wheel[0m
[ 50%] [32mBuilding CXX object CMakeFiles/wheel.dir/src/wheel_pub.cpp.o[0m
[01m[K/home/ubuntu/Documents/RoS/robo_ws/src/test/src/wheel_pub.cpp:[m[K In constructor â€˜[01m[KWheelControlPublisher::WheelControlPublisher()[m[Kâ€™:
[01m[K/home/ubuntu/Documents/RoS/robo_ws/src/test/src/wheel_pub.cpp:16:13:[m[K [01;31m[Kerror: [m[Kunable to find numeric literal operator â€˜[01m[Koperator""ms[m[Kâ€™
   16 |             [01;31m[K100ms[m[K, std::bind(&WheelControlPublisher::publishMessage, this));
      |             [01;31m[K^~~~~[m[K
gmake[2]: *** [CMakeFiles/wheel.dir/build.make:76: CMakeFiles/wheel.dir/src/wheel_pub.cpp.o] Error 1
gmake[1]: *** [CMakeFiles/Makefile2:137: CMakeFiles/wheel.dir/all] Error 2
gmake: *** [Makefile:146: all] Error 2
